{"uuid":"5416a86e-3077-4667-bbd0-73985fc9e865","historyId":"54e87e30500a69d0b495ed47d7c8e177","fullName":"Prothom Alo Login: Login","labels":[{"name":"tag","value":"Release"},{"name":"host","value":"Inspiron"},{"name":"thread","value":"5968@Inspiron.TestNG-PoolService-0(18)"},{"name":"feature","value":"Prothom Alo Login"},{"name":"story","value":"Login"},{"name":"suite","value":"Prothom Alo Login"},{"name":"testClass","value":"Login"},{"name":"framework","value":"cucumber4jvm"},{"name":"language","value":"java"},{"name":"gherkin_uri","value":"file:///C:/Users/parve/OneDrive/Desktop/Prothom%20Alo/prothom-alo-web-automation/src/test/java/Features/tests.feature"},{"name":"package","value":"src.test.java.Features.tests_feature.Prothom Alo Login"}],"links":[],"name":"Login","status":"broken","statusDetails":{"known":false,"muted":false,"flaky":false,"message":"element click intercepted: Element <span class=\"content\">...</span> is not clickable at point (1304, 147). Other element would receive the click: <iframe id=\"google_ads_iframe_85406138/home_Int_660x440_0\" name=\"google_ads_iframe_85406138/home_Int_660x440_0\" title=\"3rd party ad content\" width=\"100%\" height=\"100%\" scrolling=\"no\" marginwidth=\"0\" marginheight=\"0\" frameborder=\"0\" aria-label=\"Advertisement\" tabindex=\"0\" allow=\"private-state-token-redemption;attribution-reporting\" data-load-complete=\"true\" style=\"border: 0px; vertical-align: bottom; position: fixed; top: 0px; left: 0px; z-index: 10000;\" data-google-container-id=\"2\"></iframe>\n  (Session info: chrome=128.0.6613.138)\nBuild info: version: '4.1.3', revision: '7b1ebf28ef'\nSystem info: host: 'INSPIRON', ip: '192.168.0.119', os.name: 'Windows 11', os.arch: 'amd64', os.version: '10.0', java.version: '17.0.11'\nDriver info: org.openqa.selenium.chrome.ChromeDriver\nCommand: [6305875dac4fcb7206984e610fabf1cc, clickElement {id=f.F427A058AA0B4B5EEC6AF0FFA6A85F02.d.641B8A96326DB789805616253272A29D.e.21}]\nCapabilities {acceptInsecureCerts: false, browserName: chrome, browserVersion: 128.0.6613.138, chrome: {chromedriverVersion: 128.0.6613.137 (fe621c5aa2d..., userDataDir: C:\\Users\\parve\\AppData\\Loca...}, fedcm:accounts: true, goog:chromeOptions: {debuggerAddress: localhost:50714}, javascriptEnabled: true, networkConnectionEnabled: false, pageLoadStrategy: normal, platform: WINDOWS, platformName: WINDOWS, proxy: Proxy(), se:cdp: ws://localhost:50714/devtoo..., se:cdpVersion: 128.0.6613.138, setWindowRect: true, strictFileInteractability: false, timeouts: {implicit: 0, pageLoad: 300000, script: 30000}, unhandledPromptBehavior: dismiss and notify, webauthn:extension:credBlob: true, webauthn:extension:largeBlob: true, webauthn:extension:minPinLength: true, webauthn:extension:prf: true, webauthn:virtualAuthenticators: true}\nElement: [[ChromeDriver: chrome on WINDOWS (6305875dac4fcb7206984e610fabf1cc)] -> xpath: //div[@class='_4XyKZ TY-0a']//span[@class='content'][normalize-space()='Login']]\nSession ID: 6305875dac4fcb7206984e610fabf1cc","trace":"org.openqa.selenium.ElementClickInterceptedException: element click intercepted: Element <span class=\"content\">...</span> is not clickable at point (1304, 147). Other element would receive the click: <iframe id=\"google_ads_iframe_85406138/home_Int_660x440_0\" name=\"google_ads_iframe_85406138/home_Int_660x440_0\" title=\"3rd party ad content\" width=\"100%\" height=\"100%\" scrolling=\"no\" marginwidth=\"0\" marginheight=\"0\" frameborder=\"0\" aria-label=\"Advertisement\" tabindex=\"0\" allow=\"private-state-token-redemption;attribution-reporting\" data-load-complete=\"true\" style=\"border: 0px; vertical-align: bottom; position: fixed; top: 0px; left: 0px; z-index: 10000;\" data-google-container-id=\"2\"></iframe>\n  (Session info: chrome=128.0.6613.138)\nBuild info: version: '4.1.3', revision: '7b1ebf28ef'\nSystem info: host: 'INSPIRON', ip: '192.168.0.119', os.name: 'Windows 11', os.arch: 'amd64', os.version: '10.0', java.version: '17.0.11'\nDriver info: org.openqa.selenium.chrome.ChromeDriver\nCommand: [6305875dac4fcb7206984e610fabf1cc, clickElement {id=f.F427A058AA0B4B5EEC6AF0FFA6A85F02.d.641B8A96326DB789805616253272A29D.e.21}]\nCapabilities {acceptInsecureCerts: false, browserName: chrome, browserVersion: 128.0.6613.138, chrome: {chromedriverVersion: 128.0.6613.137 (fe621c5aa2d..., userDataDir: C:\\Users\\parve\\AppData\\Loca...}, fedcm:accounts: true, goog:chromeOptions: {debuggerAddress: localhost:50714}, javascriptEnabled: true, networkConnectionEnabled: false, pageLoadStrategy: normal, platform: WINDOWS, platformName: WINDOWS, proxy: Proxy(), se:cdp: ws://localhost:50714/devtoo..., se:cdpVersion: 128.0.6613.138, setWindowRect: true, strictFileInteractability: false, timeouts: {implicit: 0, pageLoad: 300000, script: 30000}, unhandledPromptBehavior: dismiss and notify, webauthn:extension:credBlob: true, webauthn:extension:largeBlob: true, webauthn:extension:minPinLength: true, webauthn:extension:prf: true, webauthn:virtualAuthenticators: true}\nElement: [[ChromeDriver: chrome on WINDOWS (6305875dac4fcb7206984e610fabf1cc)] -> xpath: //div[@class='_4XyKZ TY-0a']//span[@class='content'][normalize-space()='Login']]\nSession ID: 6305875dac4fcb7206984e610fabf1cc\r\n\tat java.base/jdk.internal.reflect.NativeConstructorAccessorImpl.newInstance0(Native Method)\r\n\tat java.base/jdk.internal.reflect.NativeConstructorAccessorImpl.newInstance(NativeConstructorAccessorImpl.java:77)\r\n\tat java.base/jdk.internal.reflect.DelegatingConstructorAccessorImpl.newInstance(DelegatingConstructorAccessorImpl.java:45)\r\n\tat java.base/java.lang.reflect.Constructor.newInstanceWithCaller(Constructor.java:499)\r\n\tat java.base/java.lang.reflect.Constructor.newInstance(Constructor.java:480)\r\n\tat org.openqa.selenium.remote.codec.w3c.W3CHttpResponseCodec.createException(W3CHttpResponseCodec.java:200)\r\n\tat org.openqa.selenium.remote.codec.w3c.W3CHttpResponseCodec.decode(W3CHttpResponseCodec.java:133)\r\n\tat org.openqa.selenium.remote.codec.w3c.W3CHttpResponseCodec.decode(W3CHttpResponseCodec.java:53)\r\n\tat org.openqa.selenium.remote.HttpCommandExecutor.execute(HttpCommandExecutor.java:184)\r\n\tat org.openqa.selenium.remote.service.DriverCommandExecutor.invokeExecute(DriverCommandExecutor.java:167)\r\n\tat org.openqa.selenium.remote.service.DriverCommandExecutor.execute(DriverCommandExecutor.java:142)\r\n\tat org.openqa.selenium.remote.RemoteWebDriver.execute(RemoteWebDriver.java:567)\r\n\tat org.openqa.selenium.remote.RemoteWebElement.execute(RemoteWebElement.java:251)\r\n\tat org.openqa.selenium.remote.RemoteWebElement.click(RemoteWebElement.java:77)\r\n\tat StepDefs.TestCases.user_clicks_loginbtn(TestCases.java:33)\r\n\tat ✽.User clicks LoginBtn(file:///C:/Users/parve/OneDrive/Desktop/Prothom%20Alo/prothom-alo-web-automation/src/test/java/Features/tests.feature:7)\r\n"},"stage":"finished","steps":[{"name":"Given  User can see LoginBtn on Homepage","status":"passed","statusDetails":{"known":false,"muted":false,"flaky":false},"stage":"finished","steps":[],"attachments":[],"parameters":[],"start":1726579281535,"stop":1726579284649},{"name":"Then  User clicks LoginBtn","status":"broken","statusDetails":{"known":false,"muted":false,"flaky":false,"message":"element click intercepted: Element <span class=\"content\">...</span> is not clickable at point (1304, 147). Other element would receive the click: <iframe id=\"google_ads_iframe_85406138/home_Int_660x440_0\" name=\"google_ads_iframe_85406138/home_Int_660x440_0\" title=\"3rd party ad content\" width=\"100%\" height=\"100%\" scrolling=\"no\" marginwidth=\"0\" marginheight=\"0\" frameborder=\"0\" aria-label=\"Advertisement\" tabindex=\"0\" allow=\"private-state-token-redemption;attribution-reporting\" data-load-complete=\"true\" style=\"border: 0px; vertical-align: bottom; position: fixed; top: 0px; left: 0px; z-index: 10000;\" data-google-container-id=\"2\"></iframe>\n  (Session info: chrome=128.0.6613.138)\nBuild info: version: '4.1.3', revision: '7b1ebf28ef'\nSystem info: host: 'INSPIRON', ip: '192.168.0.119', os.name: 'Windows 11', os.arch: 'amd64', os.version: '10.0', java.version: '17.0.11'\nDriver info: org.openqa.selenium.chrome.ChromeDriver\nCommand: [6305875dac4fcb7206984e610fabf1cc, clickElement {id=f.F427A058AA0B4B5EEC6AF0FFA6A85F02.d.641B8A96326DB789805616253272A29D.e.21}]\nCapabilities {acceptInsecureCerts: false, browserName: chrome, browserVersion: 128.0.6613.138, chrome: {chromedriverVersion: 128.0.6613.137 (fe621c5aa2d..., userDataDir: C:\\Users\\parve\\AppData\\Loca...}, fedcm:accounts: true, goog:chromeOptions: {debuggerAddress: localhost:50714}, javascriptEnabled: true, networkConnectionEnabled: false, pageLoadStrategy: normal, platform: WINDOWS, platformName: WINDOWS, proxy: Proxy(), se:cdp: ws://localhost:50714/devtoo..., se:cdpVersion: 128.0.6613.138, setWindowRect: true, strictFileInteractability: false, timeouts: {implicit: 0, pageLoad: 300000, script: 30000}, unhandledPromptBehavior: dismiss and notify, webauthn:extension:credBlob: true, webauthn:extension:largeBlob: true, webauthn:extension:minPinLength: true, webauthn:extension:prf: true, webauthn:virtualAuthenticators: true}\nElement: [[ChromeDriver: chrome on WINDOWS (6305875dac4fcb7206984e610fabf1cc)] -> xpath: //div[@class='_4XyKZ TY-0a']//span[@class='content'][normalize-space()='Login']]\nSession ID: 6305875dac4fcb7206984e610fabf1cc","trace":"org.openqa.selenium.ElementClickInterceptedException: element click intercepted: Element <span class=\"content\">...</span> is not clickable at point (1304, 147). Other element would receive the click: <iframe id=\"google_ads_iframe_85406138/home_Int_660x440_0\" name=\"google_ads_iframe_85406138/home_Int_660x440_0\" title=\"3rd party ad content\" width=\"100%\" height=\"100%\" scrolling=\"no\" marginwidth=\"0\" marginheight=\"0\" frameborder=\"0\" aria-label=\"Advertisement\" tabindex=\"0\" allow=\"private-state-token-redemption;attribution-reporting\" data-load-complete=\"true\" style=\"border: 0px; vertical-align: bottom; position: fixed; top: 0px; left: 0px; z-index: 10000;\" data-google-container-id=\"2\"></iframe>\n  (Session info: chrome=128.0.6613.138)\nBuild info: version: '4.1.3', revision: '7b1ebf28ef'\nSystem info: host: 'INSPIRON', ip: '192.168.0.119', os.name: 'Windows 11', os.arch: 'amd64', os.version: '10.0', java.version: '17.0.11'\nDriver info: org.openqa.selenium.chrome.ChromeDriver\nCommand: [6305875dac4fcb7206984e610fabf1cc, clickElement {id=f.F427A058AA0B4B5EEC6AF0FFA6A85F02.d.641B8A96326DB789805616253272A29D.e.21}]\nCapabilities {acceptInsecureCerts: false, browserName: chrome, browserVersion: 128.0.6613.138, chrome: {chromedriverVersion: 128.0.6613.137 (fe621c5aa2d..., userDataDir: C:\\Users\\parve\\AppData\\Loca...}, fedcm:accounts: true, goog:chromeOptions: {debuggerAddress: localhost:50714}, javascriptEnabled: true, networkConnectionEnabled: false, pageLoadStrategy: normal, platform: WINDOWS, platformName: WINDOWS, proxy: Proxy(), se:cdp: ws://localhost:50714/devtoo..., se:cdpVersion: 128.0.6613.138, setWindowRect: true, strictFileInteractability: false, timeouts: {implicit: 0, pageLoad: 300000, script: 30000}, unhandledPromptBehavior: dismiss and notify, webauthn:extension:credBlob: true, webauthn:extension:largeBlob: true, webauthn:extension:minPinLength: true, webauthn:extension:prf: true, webauthn:virtualAuthenticators: true}\nElement: [[ChromeDriver: chrome on WINDOWS (6305875dac4fcb7206984e610fabf1cc)] -> xpath: //div[@class='_4XyKZ TY-0a']//span[@class='content'][normalize-space()='Login']]\nSession ID: 6305875dac4fcb7206984e610fabf1cc\r\n\tat java.base/jdk.internal.reflect.NativeConstructorAccessorImpl.newInstance0(Native Method)\r\n\tat java.base/jdk.internal.reflect.NativeConstructorAccessorImpl.newInstance(NativeConstructorAccessorImpl.java:77)\r\n\tat java.base/jdk.internal.reflect.DelegatingConstructorAccessorImpl.newInstance(DelegatingConstructorAccessorImpl.java:45)\r\n\tat java.base/java.lang.reflect.Constructor.newInstanceWithCaller(Constructor.java:499)\r\n\tat java.base/java.lang.reflect.Constructor.newInstance(Constructor.java:480)\r\n\tat org.openqa.selenium.remote.codec.w3c.W3CHttpResponseCodec.createException(W3CHttpResponseCodec.java:200)\r\n\tat org.openqa.selenium.remote.codec.w3c.W3CHttpResponseCodec.decode(W3CHttpResponseCodec.java:133)\r\n\tat org.openqa.selenium.remote.codec.w3c.W3CHttpResponseCodec.decode(W3CHttpResponseCodec.java:53)\r\n\tat org.openqa.selenium.remote.HttpCommandExecutor.execute(HttpCommandExecutor.java:184)\r\n\tat org.openqa.selenium.remote.service.DriverCommandExecutor.invokeExecute(DriverCommandExecutor.java:167)\r\n\tat org.openqa.selenium.remote.service.DriverCommandExecutor.execute(DriverCommandExecutor.java:142)\r\n\tat org.openqa.selenium.remote.RemoteWebDriver.execute(RemoteWebDriver.java:567)\r\n\tat org.openqa.selenium.remote.RemoteWebElement.execute(RemoteWebElement.java:251)\r\n\tat org.openqa.selenium.remote.RemoteWebElement.click(RemoteWebElement.java:77)\r\n\tat StepDefs.TestCases.user_clicks_loginbtn(TestCases.java:33)\r\n\tat ✽.User clicks LoginBtn(file:///C:/Users/parve/OneDrive/Desktop/Prothom%20Alo/prothom-alo-web-automation/src/test/java/Features/tests.feature:7)\r\n"},"stage":"finished","steps":[],"attachments":[],"parameters":[],"start":1726579284650,"stop":1726579285743},{"name":"When  User clicks Email Field","status":"skipped","statusDetails":{"known":false,"muted":false,"flaky":false},"stage":"finished","steps":[],"attachments":[],"parameters":[],"start":1726579285744,"stop":1726579285745},{"name":"And  User enters value for Login","status":"skipped","statusDetails":{"known":false,"muted":false,"flaky":false},"stage":"finished","steps":[],"attachments":[],"parameters":[],"start":1726579285745,"stop":1726579285745},{"name":"Then  User clicks Password Field","status":"skipped","statusDetails":{"known":false,"muted":false,"flaky":false},"stage":"finished","steps":[],"attachments":[],"parameters":[],"start":1726579285745,"stop":1726579285746},{"name":"When  User enters Password","status":"skipped","statusDetails":{"known":false,"muted":false,"flaky":false},"stage":"finished","steps":[],"attachments":[],"parameters":[],"start":1726579285746,"stop":1726579285746},{"name":"Then  User clicks Login Submit","status":"skipped","statusDetails":{"known":false,"muted":false,"flaky":false},"stage":"finished","steps":[],"attachments":[],"parameters":[],"start":1726579285747,"stop":1726579285747}],"attachments":[],"parameters":[],"start":1726579276478,"stop":1726579286013}